<?xml version="1.0" encoding="UTF-8"?>
<!-- Generated by org.testng.reporters.JUnitReportReporter -->
<testsuite hostname="LAPTOP-JBQFFHVJ" failures="0" tests="1" name="TestNGFrameWork.TestNGProgram2" time="0.001" errors="0" timestamp="2022-07-24T18:13:14 IST" skipped="0">
  <testcase classname="TestNGFrameWork.TestNGProgram2" name="m3" time="0.001"/>
  <system-out/>
</testsuite> <!-- TestNGFrameWork.TestNGProgram2 -->
