<?xml version="1.0" encoding="UTF-8"?>
<!-- Generated by org.testng.reporters.JUnitReportReporter -->
<testsuite hostname="LAPTOP-JBQFFHVJ" failures="0" tests="2" name="TestNGFrameWork.TestNGProgram1" time="0.007" errors="0" timestamp="2022-07-24T18:13:14 IST" skipped="0">
  <testcase classname="TestNGFrameWork.TestNGProgram1" name="m2" time="0.001"/>
  <system-out/>
  <testcase classname="TestNGFrameWork.TestNGProgram1" name="m1" time="0.006"/>
  <system-out/>
</testsuite> <!-- TestNGFrameWork.TestNGProgram1 -->
